[0m20:26:53.666020 [debug] [MainThread]: Sending event: {'category': 'dbt', 'action': 'invocation', 'label': 'start', 'context': [<snowplow_tracker.self_describing_json.SelfDescribingJson object at 0x0000026F6D37D400>, <snowplow_tracker.self_describing_json.SelfDescribingJson object at 0x0000026F6B4E8F50>, <snowplow_tracker.self_describing_json.SelfDescribingJson object at 0x0000026F6DFBA5D0>]}


============================== 20:26:53.682552 | bb6eabec-1e74-4e1b-9039-ec11737f51c0 ==============================
[0m20:26:53.682552 [info ] [MainThread]: Running with dbt=1.9.2
[0m20:26:53.685349 [debug] [MainThread]: running dbt with arguments {'printer_width': '80', 'indirect_selection': 'eager', 'log_cache_events': 'False', 'write_json': 'True', 'partial_parse': 'True', 'cache_selected_only': 'False', 'warn_error': 'None', 'fail_fast': 'False', 'version_check': 'True', 'log_path': 'logs', 'debug': 'False', 'profiles_dir': 'C:\\Users\\lenovo\\.dbt', 'use_colors': 'True', 'use_experimental_parser': 'False', 'no_print': 'None', 'quiet': 'False', 'empty': 'None', 'warn_error_options': 'WarnErrorOptions(include=[], exclude=[])', 'invocation_command': 'dbt init my_project', 'log_format': 'default', 'static_parser': 'True', 'target_path': 'None', 'introspect': 'True', 'send_anonymous_usage_stats': 'True'}
[0m20:26:53.763661 [warn ] [MainThread]: [ConfigFolderDirectory]: Unable to parse logging event dictionary. Failed to parse dir field: expected string or bytes-like object, got 'WindowsPath'.. Dictionary: {'dir': WindowsPath('C:/Users/lenovo/.dbt')}
[0m20:26:53.766376 [info ] [MainThread]: Creating dbt configuration folder at 
[0m20:26:53.774213 [debug] [MainThread]: Starter project path: C:\Users\lenovo\OneDrive\Desktop\10Academy Files\week7_project\Kara_solution-1\week7\Lib\site-packages\dbt\include\starter_project
[0m20:26:53.868391 [info ] [MainThread]: 
Your new dbt project "my_project" was created!

For more information on how to configure the profiles.yml file,
please consult the dbt documentation here:

  https://docs.getdbt.com/docs/configure-your-profile

One more thing:

Need help? Don't hesitate to reach out to us via GitHub issues or on Slack:

  https://community.getdbt.com/

Happy modeling!

[0m20:26:53.873979 [info ] [MainThread]: Setting up your profile.
[0m23:17:14.157909 [debug] [MainThread]: Sending event: {'category': 'dbt', 'action': 'invocation', 'label': 'start', 'context': [<snowplow_tracker.self_describing_json.SelfDescribingJson object at 0x000002126B4CD400>, <snowplow_tracker.self_describing_json.SelfDescribingJson object at 0x0000021269638F50>, <snowplow_tracker.self_describing_json.SelfDescribingJson object at 0x000002126C10A5D0>]}


============================== 23:17:14.167852 | 50793d2e-acc6-4a01-8a2a-ace9e7b5c96b ==============================
[0m23:17:14.167852 [info ] [MainThread]: Running with dbt=1.9.2
[0m23:17:14.168878 [debug] [MainThread]: running dbt with arguments {'printer_width': '80', 'indirect_selection': 'eager', 'write_json': 'True', 'log_cache_events': 'False', 'partial_parse': 'True', 'cache_selected_only': 'False', 'profiles_dir': 'C:\\Users\\lenovo\\.dbt', 'version_check': 'True', 'debug': 'False', 'log_path': 'logs', 'fail_fast': 'False', 'warn_error': 'None', 'use_colors': 'True', 'use_experimental_parser': 'False', 'empty': 'None', 'quiet': 'False', 'no_print': 'None', 'log_format': 'default', 'introspect': 'True', 'static_parser': 'True', 'warn_error_options': 'WarnErrorOptions(include=[], exclude=[])', 'target_path': 'None', 'invocation_command': 'dbt debug', 'send_anonymous_usage_stats': 'True'}
[0m23:17:14.226999 [info ] [MainThread]: dbt version: 1.9.2
[0m23:17:14.227646 [info ] [MainThread]: python version: 3.13.0
[0m23:17:14.228183 [info ] [MainThread]: python path: C:\Users\lenovo\OneDrive\Desktop\10Academy Files\week7_project\Kara_solution-1\week7\Scripts\python.exe
[0m23:17:14.228892 [info ] [MainThread]: os info: Windows-11-10.0.22621-SP0
[0m23:17:14.229684 [info ] [MainThread]: Using profiles dir at C:\Users\lenovo\.dbt
[0m23:17:14.230940 [info ] [MainThread]: Using profiles.yml file at C:\Users\lenovo\.dbt\profiles.yml
[0m23:17:14.232117 [info ] [MainThread]: Using dbt_project.yml file at C:\Users\lenovo\OneDrive\Desktop\10Academy Files\week7_project\Kara_solution-1\dbt_project.yml
[0m23:17:14.233382 [info ] [MainThread]: Configuration:
[0m23:17:14.234287 [info ] [MainThread]:   profiles.yml file [[31mERROR not found[0m]
[0m23:17:14.235637 [info ] [MainThread]:   dbt_project.yml file [[31mERROR not found[0m]
[0m23:17:14.236796 [info ] [MainThread]: Required dependencies:
[0m23:17:14.238081 [debug] [MainThread]: Executing "git --help"
[0m23:17:14.289462 [debug] [MainThread]: STDOUT: "b"usage: git [-v | --version] [-h | --help] [-C <path>] [-c <name>=<value>]\n           [--exec-path[=<path>]] [--html-path] [--man-path] [--info-path]\n           [-p | --paginate | -P | --no-pager] [--no-replace-objects] [--no-lazy-fetch]\n           [--no-optional-locks] [--no-advice] [--bare] [--git-dir=<path>]\n           [--work-tree=<path>] [--namespace=<name>] [--config-env=<name>=<envvar>]\n           <command> [<args>]\n\nThese are common Git commands used in various situations:\n\nstart a working area (see also: git help tutorial)\n   clone      Clone a repository into a new directory\n   init       Create an empty Git repository or reinitialize an existing one\n\nwork on the current change (see also: git help everyday)\n   add        Add file contents to the index\n   mv         Move or rename a file, a directory, or a symlink\n   restore    Restore working tree files\n   rm         Remove files from the working tree and from the index\n\nexamine the history and state (see also: git help revisions)\n   bisect     Use binary search to find the commit that introduced a bug\n   diff       Show changes between commits, commit and working tree, etc\n   grep       Print lines matching a pattern\n   log        Show commit logs\n   show       Show various types of objects\n   status     Show the working tree status\n\ngrow, mark and tweak your common history\n   backfill   Download missing objects in a partial clone\n   branch     List, create, or delete branches\n   commit     Record changes to the repository\n   merge      Join two or more development histories together\n   rebase     Reapply commits on top of another base tip\n   reset      Reset current HEAD to the specified state\n   switch     Switch branches\n   tag        Create, list, delete or verify a tag object signed with GPG\n\ncollaborate (see also: git help workflows)\n   fetch      Download objects and refs from another repository\n   pull       Fetch from and integrate with another repository or a local branch\n   push       Update remote refs along with associated objects\n\n'git help -a' and 'git help -g' list available subcommands and some\nconcept guides. See 'git help <command>' or 'git help <concept>'\nto read about a specific subcommand or concept.\nSee 'git help git' for an overview of the system.\n""
[0m23:17:14.293541 [debug] [MainThread]: STDERR: "b''"
[0m23:17:14.294329 [info ] [MainThread]:  - git [[32mOK found[0m]

[0m23:17:14.295262 [info ] [MainThread]: Connection test skipped since no profile was found
[0m23:17:14.296226 [info ] [MainThread]: [31m2 checks failed:[0m
[0m23:17:14.297954 [info ] [MainThread]: dbt looked for a profiles.yml file in C:\Users\lenovo\.dbt\profiles.yml, but did
not find one. For more information on configuring your profile, consult the
documentation:

https://docs.getdbt.com/docs/configure-your-profile


[0m23:17:14.300607 [info ] [MainThread]: Project loading failed for the following reason:
 project path <C:\Users\lenovo\OneDrive\Desktop\10Academy Files\week7_project\Kara_solution-1\dbt_project.yml> not found

[0m23:17:14.302669 [debug] [MainThread]: Command `dbt debug` failed at 23:17:14.302444 after 0.34 seconds
[0m23:17:14.303140 [debug] [MainThread]: Sending event: {'category': 'dbt', 'action': 'invocation', 'label': 'end', 'context': [<snowplow_tracker.self_describing_json.SelfDescribingJson object at 0x000002126C606190>, <snowplow_tracker.self_describing_json.SelfDescribingJson object at 0x000002126C4CE570>, <snowplow_tracker.self_describing_json.SelfDescribingJson object at 0x000002126C457020>]}
[0m23:17:14.303650 [debug] [MainThread]: Flushing usage events
[0m23:17:16.550204 [debug] [MainThread]: An error was encountered while trying to flush usage events
[0m22:59:27.090349 [debug] [MainThread]: Sending event: {'category': 'dbt', 'action': 'invocation', 'label': 'start', 'context': [<snowplow_tracker.self_describing_json.SelfDescribingJson object at 0x000001A608BCD400>, <snowplow_tracker.self_describing_json.SelfDescribingJson object at 0x000001A606D34F50>, <snowplow_tracker.self_describing_json.SelfDescribingJson object at 0x000001A60980A5D0>]}


============================== 22:59:27.095686 | 51f5adcf-b594-4f62-87f3-03d8c162847f ==============================
[0m22:59:27.095686 [info ] [MainThread]: Running with dbt=1.9.2
[0m22:59:27.096687 [debug] [MainThread]: running dbt with arguments {'printer_width': '80', 'indirect_selection': 'eager', 'log_cache_events': 'False', 'write_json': 'True', 'partial_parse': 'True', 'cache_selected_only': 'False', 'profiles_dir': 'C:\\Users\\lenovo\\.dbt', 'debug': 'False', 'version_check': 'True', 'log_path': 'logs', 'warn_error': 'None', 'fail_fast': 'False', 'use_colors': 'True', 'use_experimental_parser': 'False', 'no_print': 'None', 'quiet': 'False', 'empty': 'None', 'warn_error_options': 'WarnErrorOptions(include=[], exclude=[])', 'introspect': 'True', 'static_parser': 'True', 'log_format': 'default', 'target_path': 'None', 'invocation_command': 'dbt debug', 'send_anonymous_usage_stats': 'True'}
[0m22:59:27.120729 [info ] [MainThread]: dbt version: 1.9.2
[0m22:59:27.121270 [info ] [MainThread]: python version: 3.13.0
[0m22:59:27.121977 [info ] [MainThread]: python path: C:\Users\lenovo\OneDrive\Desktop\10Academy Files\week7_project\Kara_solution-1\week7\Scripts\python.exe
[0m22:59:27.122890 [info ] [MainThread]: os info: Windows-11-10.0.22621-SP0
[0m22:59:27.123945 [info ] [MainThread]: Using profiles dir at C:\Users\lenovo\.dbt
[0m22:59:27.124923 [info ] [MainThread]: Using profiles.yml file at C:\Users\lenovo\.dbt\profiles.yml
[0m22:59:27.125969 [info ] [MainThread]: Using dbt_project.yml file at C:\Users\lenovo\OneDrive\Desktop\10Academy Files\week7_project\Kara_solution-1\dbt_project.yml
[0m22:59:27.127296 [info ] [MainThread]: Configuration:
[0m22:59:27.128349 [info ] [MainThread]:   profiles.yml file [[31mERROR not found[0m]
[0m22:59:27.129402 [info ] [MainThread]:   dbt_project.yml file [[31mERROR not found[0m]
[0m22:59:27.130705 [info ] [MainThread]: Required dependencies:
[0m22:59:27.132717 [debug] [MainThread]: Executing "git --help"
[0m22:59:27.177233 [debug] [MainThread]: STDOUT: "b"usage: git [-v | --version] [-h | --help] [-C <path>] [-c <name>=<value>]\n           [--exec-path[=<path>]] [--html-path] [--man-path] [--info-path]\n           [-p | --paginate | -P | --no-pager] [--no-replace-objects] [--no-lazy-fetch]\n           [--no-optional-locks] [--no-advice] [--bare] [--git-dir=<path>]\n           [--work-tree=<path>] [--namespace=<name>] [--config-env=<name>=<envvar>]\n           <command> [<args>]\n\nThese are common Git commands used in various situations:\n\nstart a working area (see also: git help tutorial)\n   clone      Clone a repository into a new directory\n   init       Create an empty Git repository or reinitialize an existing one\n\nwork on the current change (see also: git help everyday)\n   add        Add file contents to the index\n   mv         Move or rename a file, a directory, or a symlink\n   restore    Restore working tree files\n   rm         Remove files from the working tree and from the index\n\nexamine the history and state (see also: git help revisions)\n   bisect     Use binary search to find the commit that introduced a bug\n   diff       Show changes between commits, commit and working tree, etc\n   grep       Print lines matching a pattern\n   log        Show commit logs\n   show       Show various types of objects\n   status     Show the working tree status\n\ngrow, mark and tweak your common history\n   backfill   Download missing objects in a partial clone\n   branch     List, create, or delete branches\n   commit     Record changes to the repository\n   merge      Join two or more development histories together\n   rebase     Reapply commits on top of another base tip\n   reset      Reset current HEAD to the specified state\n   switch     Switch branches\n   tag        Create, list, delete or verify a tag object signed with GPG\n\ncollaborate (see also: git help workflows)\n   fetch      Download objects and refs from another repository\n   pull       Fetch from and integrate with another repository or a local branch\n   push       Update remote refs along with associated objects\n\n'git help -a' and 'git help -g' list available subcommands and some\nconcept guides. See 'git help <command>' or 'git help <concept>'\nto read about a specific subcommand or concept.\nSee 'git help git' for an overview of the system.\n""
[0m22:59:27.177831 [debug] [MainThread]: STDERR: "b''"
[0m22:59:27.178222 [info ] [MainThread]:  - git [[32mOK found[0m]

[0m22:59:27.179321 [info ] [MainThread]: Connection test skipped since no profile was found
[0m22:59:27.180139 [info ] [MainThread]: [31m2 checks failed:[0m
[0m22:59:27.180831 [info ] [MainThread]: dbt looked for a profiles.yml file in C:\Users\lenovo\.dbt\profiles.yml, but did
not find one. For more information on configuring your profile, consult the
documentation:

https://docs.getdbt.com/docs/configure-your-profile


[0m22:59:27.182475 [info ] [MainThread]: Project loading failed for the following reason:
 project path <C:\Users\lenovo\OneDrive\Desktop\10Academy Files\week7_project\Kara_solution-1\dbt_project.yml> not found

[0m22:59:27.184829 [debug] [MainThread]: Command `dbt debug` failed at 22:59:27.184210 after 0.22 seconds
[0m22:59:27.186140 [debug] [MainThread]: Sending event: {'category': 'dbt', 'action': 'invocation', 'label': 'end', 'context': [<snowplow_tracker.self_describing_json.SelfDescribingJson object at 0x000001A609D16190>, <snowplow_tracker.self_describing_json.SelfDescribingJson object at 0x000001A609BE2570>, <snowplow_tracker.self_describing_json.SelfDescribingJson object at 0x000001A609B63020>]}
[0m22:59:27.186913 [debug] [MainThread]: Flushing usage events
[0m22:59:28.378029 [debug] [MainThread]: An error was encountered while trying to flush usage events
[0m23:06:20.623367 [debug] [MainThread]: Sending event: {'category': 'dbt', 'action': 'invocation', 'label': 'start', 'context': [<snowplow_tracker.self_describing_json.SelfDescribingJson object at 0x000002290AA3D400>, <snowplow_tracker.self_describing_json.SelfDescribingJson object at 0x0000022908BA8F50>, <snowplow_tracker.self_describing_json.SelfDescribingJson object at 0x000002290B66A5D0>]}


============================== 23:06:20.629344 | 2085a5d1-362e-4ea8-ae45-f179c5d5bbf0 ==============================
[0m23:06:20.629344 [info ] [MainThread]: Running with dbt=1.9.2
[0m23:06:20.630447 [debug] [MainThread]: running dbt with arguments {'printer_width': '80', 'indirect_selection': 'eager', 'write_json': 'True', 'log_cache_events': 'False', 'partial_parse': 'True', 'cache_selected_only': 'False', 'warn_error': 'None', 'fail_fast': 'False', 'debug': 'False', 'log_path': 'logs', 'profiles_dir': 'C:\\Users\\lenovo\\.dbt', 'version_check': 'True', 'use_colors': 'True', 'use_experimental_parser': 'False', 'no_print': 'None', 'quiet': 'False', 'empty': 'None', 'warn_error_options': 'WarnErrorOptions(include=[], exclude=[])', 'static_parser': 'True', 'log_format': 'default', 'introspect': 'True', 'target_path': 'None', 'invocation_command': 'dbt debug', 'send_anonymous_usage_stats': 'True'}
[0m23:06:20.670580 [info ] [MainThread]: dbt version: 1.9.2
[0m23:06:20.672221 [info ] [MainThread]: python version: 3.13.0
[0m23:06:20.673462 [info ] [MainThread]: python path: C:\Users\lenovo\OneDrive\Desktop\10Academy Files\week7_project\Kara_solution-1\week7\Scripts\python.exe
[0m23:06:20.674659 [info ] [MainThread]: os info: Windows-11-10.0.22621-SP0
[0m23:06:20.676002 [info ] [MainThread]: Using profiles dir at C:\Users\lenovo\.dbt
[0m23:06:20.677194 [info ] [MainThread]: Using profiles.yml file at C:\Users\lenovo\.dbt\profiles.yml
[0m23:06:20.678316 [info ] [MainThread]: Using dbt_project.yml file at C:\Users\lenovo\OneDrive\Desktop\10Academy Files\week7_project\Kara_solution-1\dbt_project.yml
[0m23:06:20.679898 [info ] [MainThread]: Configuration:
[0m23:06:20.681219 [info ] [MainThread]:   profiles.yml file [[31mERROR not found[0m]
[0m23:06:20.682594 [info ] [MainThread]:   dbt_project.yml file [[31mERROR not found[0m]
[0m23:06:20.683964 [info ] [MainThread]: Required dependencies:
[0m23:06:20.685700 [debug] [MainThread]: Executing "git --help"
[0m23:06:20.742730 [debug] [MainThread]: STDOUT: "b"usage: git [-v | --version] [-h | --help] [-C <path>] [-c <name>=<value>]\n           [--exec-path[=<path>]] [--html-path] [--man-path] [--info-path]\n           [-p | --paginate | -P | --no-pager] [--no-replace-objects] [--no-lazy-fetch]\n           [--no-optional-locks] [--no-advice] [--bare] [--git-dir=<path>]\n           [--work-tree=<path>] [--namespace=<name>] [--config-env=<name>=<envvar>]\n           <command> [<args>]\n\nThese are common Git commands used in various situations:\n\nstart a working area (see also: git help tutorial)\n   clone      Clone a repository into a new directory\n   init       Create an empty Git repository or reinitialize an existing one\n\nwork on the current change (see also: git help everyday)\n   add        Add file contents to the index\n   mv         Move or rename a file, a directory, or a symlink\n   restore    Restore working tree files\n   rm         Remove files from the working tree and from the index\n\nexamine the history and state (see also: git help revisions)\n   bisect     Use binary search to find the commit that introduced a bug\n   diff       Show changes between commits, commit and working tree, etc\n   grep       Print lines matching a pattern\n   log        Show commit logs\n   show       Show various types of objects\n   status     Show the working tree status\n\ngrow, mark and tweak your common history\n   backfill   Download missing objects in a partial clone\n   branch     List, create, or delete branches\n   commit     Record changes to the repository\n   merge      Join two or more development histories together\n   rebase     Reapply commits on top of another base tip\n   reset      Reset current HEAD to the specified state\n   switch     Switch branches\n   tag        Create, list, delete or verify a tag object signed with GPG\n\ncollaborate (see also: git help workflows)\n   fetch      Download objects and refs from another repository\n   pull       Fetch from and integrate with another repository or a local branch\n   push       Update remote refs along with associated objects\n\n'git help -a' and 'git help -g' list available subcommands and some\nconcept guides. See 'git help <command>' or 'git help <concept>'\nto read about a specific subcommand or concept.\nSee 'git help git' for an overview of the system.\n""
[0m23:06:20.743371 [debug] [MainThread]: STDERR: "b''"
[0m23:06:20.743791 [info ] [MainThread]:  - git [[32mOK found[0m]

[0m23:06:20.744937 [info ] [MainThread]: Connection test skipped since no profile was found
[0m23:06:20.746052 [info ] [MainThread]: [31m2 checks failed:[0m
[0m23:06:20.746980 [info ] [MainThread]: dbt looked for a profiles.yml file in C:\Users\lenovo\.dbt\profiles.yml, but did
not find one. For more information on configuring your profile, consult the
documentation:

https://docs.getdbt.com/docs/configure-your-profile


[0m23:06:20.748934 [info ] [MainThread]: Project loading failed for the following reason:
 project path <C:\Users\lenovo\OneDrive\Desktop\10Academy Files\week7_project\Kara_solution-1\dbt_project.yml> not found

[0m23:06:20.752120 [debug] [MainThread]: Command `dbt debug` failed at 23:06:20.751738 after 0.33 seconds
[0m23:06:20.753184 [debug] [MainThread]: Sending event: {'category': 'dbt', 'action': 'invocation', 'label': 'end', 'context': [<snowplow_tracker.self_describing_json.SelfDescribingJson object at 0x000002290BB76190>, <snowplow_tracker.self_describing_json.SelfDescribingJson object at 0x000002290BA3E570>, <snowplow_tracker.self_describing_json.SelfDescribingJson object at 0x000002290B9C7020>]}
[0m23:06:20.754219 [debug] [MainThread]: Flushing usage events
[0m23:06:22.165701 [debug] [MainThread]: An error was encountered while trying to flush usage events
